{"C:\\Users\\14697\\Assignment1\\src\\app.js": {"path":"C:\\Users\\14697\\Assignment1\\src\\app.js","statementMap":{"0":{"start":{"line":35,"column":16},"end":{"line":35,"column":34}},"1":{"start":{"line":38,"column":12},"end":{"line":38,"column":21}},"2":{"start":{"line":41,"column":0},"end":{"line":41,"column":24}},"3":{"start":{"line":44,"column":19},"end":{"line":44,"column":50}},"4":{"start":{"line":45,"column":0},"end":{"line":45,"column":30}},"5":{"start":{"line":48,"column":0},"end":{"line":50,"column":3}},"6":{"start":{"line":49,"column":2},"end":{"line":49,"column":52}},"7":{"start":{"line":53,"column":0},"end":{"line":53,"column":21}}},"fnMap":{"0":{"name":"(anonymous_0)","decl":{"start":{"line":48,"column":13},"end":{"line":48,"column":14}},"loc":{"start":{"line":48,"column":27},"end":{"line":50,"column":1}},"line":48}},"branchMap":{},"s":{"0":1,"1":1,"2":1,"3":1,"4":1,"5":1,"6":0,"7":1},"f":{"0":0},"b":{},"_coverageSchema":"1a1c01bbd47fc00a2c39e90264f33305004495a9","hash":"a14c643e41bfcb64b68b6275b0f104b81dbc5c25"}
,"C:\\Users\\14697\\Assignment1\\src\\db.js": {"path":"C:\\Users\\14697\\Assignment1\\src\\db.js","statementMap":{"0":{"start":{"line":7,"column":17},"end":{"line":7,"column":30}},"1":{"start":{"line":12,"column":13},"end":{"line":18,"column":2}},"2":{"start":{"line":20,"column":0},"end":{"line":20,"column":22}}},"fnMap":{},"branchMap":{},"s":{"0":1,"1":1,"2":1},"f":{},"b":{},"_coverageSchema":"1a1c01bbd47fc00a2c39e90264f33305004495a9","hash":"c7a46ce270b36e6989099c2924ac6cff3e65e60a"}
,"C:\\Users\\14697\\Assignment1\\src\\controllers\\user.controller.js": {"path":"C:\\Users\\14697\\Assignment1\\src\\controllers\\user.controller.js","statementMap":{"0":{"start":{"line":3,"column":13},"end":{"line":3,"column":29}},"1":{"start":{"line":6,"column":0},"end":{"line":24,"column":2}},"2":{"start":{"line":7,"column":31},"end":{"line":7,"column":39}},"3":{"start":{"line":9,"column":2},"end":{"line":11,"column":3}},"4":{"start":{"line":10,"column":4},"end":{"line":10,"column":80}},"5":{"start":{"line":13,"column":2},"end":{"line":23,"column":3}},"6":{"start":{"line":14,"column":19},"end":{"line":17,"column":5}},"7":{"start":{"line":19,"column":4},"end":{"line":19,"column":41}},"8":{"start":{"line":21,"column":4},"end":{"line":21,"column":23}},"9":{"start":{"line":22,"column":4},"end":{"line":22,"column":73}},"10":{"start":{"line":32,"column":0},"end":{"line":40,"column":2}},"11":{"start":{"line":33,"column":2},"end":{"line":39,"column":3}},"12":{"start":{"line":34,"column":19},"end":{"line":34,"column":74}},"13":{"start":{"line":35,"column":4},"end":{"line":35,"column":26}},"14":{"start":{"line":37,"column":4},"end":{"line":37,"column":23}},"15":{"start":{"line":38,"column":4},"end":{"line":38,"column":75}},"16":{"start":{"line":43,"column":0},"end":{"line":62,"column":2}},"17":{"start":{"line":44,"column":17},"end":{"line":44,"column":40}},"18":{"start":{"line":46,"column":2},"end":{"line":48,"column":3}},"19":{"start":{"line":47,"column":4},"end":{"line":47,"column":62}},"20":{"start":{"line":50,"column":2},"end":{"line":61,"column":3}},"21":{"start":{"line":51,"column":19},"end":{"line":51,"column":82}},"22":{"start":{"line":53,"column":4},"end":{"line":55,"column":5}},"23":{"start":{"line":54,"column":6},"end":{"line":54,"column":63}},"24":{"start":{"line":57,"column":4},"end":{"line":57,"column":29}},"25":{"start":{"line":59,"column":4},"end":{"line":59,"column":23}},"26":{"start":{"line":60,"column":4},"end":{"line":60,"column":74}},"27":{"start":{"line":66,"column":0},"end":{"line":95,"column":2}},"28":{"start":{"line":67,"column":17},"end":{"line":67,"column":40}},"29":{"start":{"line":69,"column":2},"end":{"line":71,"column":3}},"30":{"start":{"line":70,"column":4},"end":{"line":70,"column":62}},"31":{"start":{"line":73,"column":31},"end":{"line":73,"column":39}},"32":{"start":{"line":76,"column":2},"end":{"line":78,"column":3}},"33":{"start":{"line":77,"column":4},"end":{"line":77,"column":80}},"34":{"start":{"line":80,"column":2},"end":{"line":94,"column":3}},"35":{"start":{"line":81,"column":19},"end":{"line":84,"column":5}},"36":{"start":{"line":86,"column":4},"end":{"line":88,"column":5}},"37":{"start":{"line":87,"column":6},"end":{"line":87,"column":63}},"38":{"start":{"line":90,"column":4},"end":{"line":90,"column":29}},"39":{"start":{"line":92,"column":4},"end":{"line":92,"column":23}},"40":{"start":{"line":93,"column":4},"end":{"line":93,"column":73}},"41":{"start":{"line":98,"column":0},"end":{"line":113,"column":2}},"42":{"start":{"line":99,"column":17},"end":{"line":99,"column":40}},"43":{"start":{"line":101,"column":2},"end":{"line":112,"column":3}},"44":{"start":{"line":102,"column":19},"end":{"line":102,"column":92}},"45":{"start":{"line":104,"column":4},"end":{"line":106,"column":5}},"46":{"start":{"line":105,"column":6},"end":{"line":105,"column":63}},"47":{"start":{"line":108,"column":4},"end":{"line":108,"column":84}},"48":{"start":{"line":110,"column":4},"end":{"line":110,"column":23}},"49":{"start":{"line":111,"column":4},"end":{"line":111,"column":61}}},"fnMap":{"0":{"name":"(anonymous_0)","decl":{"start":{"line":6,"column":21},"end":{"line":6,"column":22}},"loc":{"start":{"line":6,"column":41},"end":{"line":24,"column":1}},"line":6},"1":{"name":"(anonymous_1)","decl":{"start":{"line":32,"column":22},"end":{"line":32,"column":23}},"loc":{"start":{"line":32,"column":42},"end":{"line":40,"column":1}},"line":32},"2":{"name":"(anonymous_2)","decl":{"start":{"line":43,"column":22},"end":{"line":43,"column":23}},"loc":{"start":{"line":43,"column":42},"end":{"line":62,"column":1}},"line":43},"3":{"name":"(anonymous_3)","decl":{"start":{"line":66,"column":21},"end":{"line":66,"column":22}},"loc":{"start":{"line":66,"column":41},"end":{"line":95,"column":1}},"line":66},"4":{"name":"(anonymous_4)","decl":{"start":{"line":98,"column":21},"end":{"line":98,"column":22}},"loc":{"start":{"line":98,"column":41},"end":{"line":113,"column":1}},"line":98}},"branchMap":{"0":{"loc":{"start":{"line":9,"column":2},"end":{"line":11,"column":3}},"type":"if","locations":[{"start":{"line":9,"column":2},"end":{"line":11,"column":3}},{"start":{},"end":{}}],"line":9},"1":{"loc":{"start":{"line":9,"column":6},"end":{"line":9,"column":29}},"type":"binary-expr","locations":[{"start":{"line":9,"column":6},"end":{"line":9,"column":11}},{"start":{"line":9,"column":15},"end":{"line":9,"column":21}},{"start":{"line":9,"column":25},"end":{"line":9,"column":29}}],"line":9},"2":{"loc":{"start":{"line":46,"column":2},"end":{"line":48,"column":3}},"type":"if","locations":[{"start":{"line":46,"column":2},"end":{"line":48,"column":3}},{"start":{},"end":{}}],"line":46},"3":{"loc":{"start":{"line":53,"column":4},"end":{"line":55,"column":5}},"type":"if","locations":[{"start":{"line":53,"column":4},"end":{"line":55,"column":5}},{"start":{},"end":{}}],"line":53},"4":{"loc":{"start":{"line":69,"column":2},"end":{"line":71,"column":3}},"type":"if","locations":[{"start":{"line":69,"column":2},"end":{"line":71,"column":3}},{"start":{},"end":{}}],"line":69},"5":{"loc":{"start":{"line":76,"column":2},"end":{"line":78,"column":3}},"type":"if","locations":[{"start":{"line":76,"column":2},"end":{"line":78,"column":3}},{"start":{},"end":{}}],"line":76},"6":{"loc":{"start":{"line":76,"column":6},"end":{"line":76,"column":29}},"type":"binary-expr","locations":[{"start":{"line":76,"column":6},"end":{"line":76,"column":11}},{"start":{"line":76,"column":15},"end":{"line":76,"column":21}},{"start":{"line":76,"column":25},"end":{"line":76,"column":29}}],"line":76},"7":{"loc":{"start":{"line":86,"column":4},"end":{"line":88,"column":5}},"type":"if","locations":[{"start":{"line":86,"column":4},"end":{"line":88,"column":5}},{"start":{},"end":{}}],"line":86},"8":{"loc":{"start":{"line":104,"column":4},"end":{"line":106,"column":5}},"type":"if","locations":[{"start":{"line":104,"column":4},"end":{"line":106,"column":5}},{"start":{},"end":{}}],"line":104}},"s":{"0":1,"1":1,"2":1,"3":1,"4":0,"5":1,"6":1,"7":1,"8":0,"9":0,"10":1,"11":1,"12":1,"13":1,"14":0,"15":0,"16":1,"17":1,"18":1,"19":0,"20":1,"21":1,"22":1,"23":0,"24":1,"25":0,"26":0,"27":1,"28":1,"29":1,"30":0,"31":1,"32":1,"33":0,"34":1,"35":1,"36":1,"37":0,"38":1,"39":0,"40":0,"41":1,"42":1,"43":1,"44":1,"45":1,"46":0,"47":1,"48":0,"49":0},"f":{"0":1,"1":1,"2":1,"3":1,"4":1},"b":{"0":[0,1],"1":[1,1,1],"2":[0,1],"3":[0,1],"4":[0,1],"5":[0,1],"6":[1,1,1],"7":[0,1],"8":[0,1]},"_coverageSchema":"1a1c01bbd47fc00a2c39e90264f33305004495a9","hash":"243ae4c5c3b44bab25585bbeb029d771b2ed5a48"}
,"C:\\Users\\14697\\Assignment1\\src\\routes\\user.routes.js": {"path":"C:\\Users\\14697\\Assignment1\\src\\routes\\user.routes.js","statementMap":{"0":{"start":{"line":1,"column":16},"end":{"line":1,"column":34}},"1":{"start":{"line":4,"column":15},"end":{"line":4,"column":31}},"2":{"start":{"line":7,"column":23},"end":{"line":7,"column":64}},"3":{"start":{"line":10,"column":0},"end":{"line":10,"column":44}},"4":{"start":{"line":12,"column":0},"end":{"line":12,"column":44}},"5":{"start":{"line":15,"column":0},"end":{"line":15,"column":47}},"6":{"start":{"line":18,"column":0},"end":{"line":18,"column":46}},"7":{"start":{"line":20,"column":0},"end":{"line":20,"column":49}},"8":{"start":{"line":23,"column":0},"end":{"line":23,"column":24}}},"fnMap":{},"branchMap":{},"s":{"0":1,"1":1,"2":1,"3":1,"4":1,"5":1,"6":1,"7":1,"8":1},"f":{},"b":{},"_coverageSchema":"1a1c01bbd47fc00a2c39e90264f33305004495a9","hash":"b611e1caf379233da36db38d3cf2867ba44f6811"}
}
