TN:
SF:src\app.js
FN:48,(anonymous_0)
FNF:1
FNH:0
FNDA:0,(anonymous_0)
DA:35,1
DA:38,1
DA:41,1
DA:44,1
DA:45,1
DA:48,1
DA:49,0
DA:53,1
LF:8
LH:7
BRF:0
BRH:0
end_of_record
TN:
SF:src\db.js
FNF:0
FNH:0
DA:7,1
DA:12,1
DA:20,1
LF:3
LH:3
BRF:0
BRH:0
end_of_record
TN:
SF:src\controllers\user.controller.js
FN:6,(anonymous_0)
FN:32,(anonymous_1)
FN:43,(anonymous_2)
FN:66,(anonymous_3)
FN:98,(anonymous_4)
FNF:5
FNH:5
FNDA:1,(anonymous_0)
FNDA:1,(anonymous_1)
FNDA:1,(anonymous_2)
FNDA:1,(anonymous_3)
FNDA:1,(anonymous_4)
DA:3,1
DA:6,1
DA:7,1
DA:9,1
DA:10,0
DA:13,1
DA:14,1
DA:19,1
DA:21,0
DA:22,0
DA:32,1
DA:33,1
DA:34,1
DA:35,1
DA:37,0
DA:38,0
DA:43,1
DA:44,1
DA:46,1
DA:47,0
DA:50,1
DA:51,1
DA:53,1
DA:54,0
DA:57,1
DA:59,0
DA:60,0
DA:66,1
DA:67,1
DA:69,1
DA:70,0
DA:73,1
DA:76,1
DA:77,0
DA:80,1
DA:81,1
DA:86,1
DA:87,0
DA:90,1
DA:92,0
DA:93,0
DA:98,1
DA:99,1
DA:101,1
DA:102,1
DA:104,1
DA:105,0
DA:108,1
DA:110,0
DA:111,0
LF:50
LH:33
BRDA:9,0,0,0
BRDA:9,0,1,1
BRDA:9,1,0,1
BRDA:9,1,1,1
BRDA:9,1,2,1
BRDA:46,2,0,0
BRDA:46,2,1,1
BRDA:53,3,0,0
BRDA:53,3,1,1
BRDA:69,4,0,0
BRDA:69,4,1,1
BRDA:76,5,0,0
BRDA:76,5,1,1
BRDA:76,6,0,1
BRDA:76,6,1,1
BRDA:76,6,2,1
BRDA:86,7,0,0
BRDA:86,7,1,1
BRDA:104,8,0,0
BRDA:104,8,1,1
BRF:20
BRH:13
end_of_record
TN:
SF:src\routes\user.routes.js
FNF:0
FNH:0
DA:1,1
DA:4,1
DA:7,1
DA:10,1
DA:12,1
DA:15,1
DA:18,1
DA:20,1
DA:23,1
LF:9
LH:9
BRF:0
BRH:0
end_of_record
